
*** Running vivado
    with args -log UltrasonicSpeaker.vdi -applog -m64 -product Vivado -messageDb vivado.pb -mode batch -source UltrasonicSpeaker.tcl -notrace



****** Vivado v2024.1 (64-bit)
  **** SW Build 5076996 on Wed May 22 18:37:14 MDT 2024
  **** IP Build 5075265 on Wed May 22 21:45:21 MDT 2024
  **** SharedData Build 5076995 on Wed May 22 18:29:18 MDT 2024
  **** Start of session at: Thu Nov 21 11:40:14 2024
    ** Copyright 1986-2022 Xilinx, Inc. All Rights Reserved.
    ** Copyright 2022-2024 Advanced Micro Devices, Inc. All Rights Reserved.

source UltrasonicSpeaker.tcl -notrace
create_project: Time (s): cpu = 00:00:08 ; elapsed = 00:00:09 . Memory (MB): peak = 613.070 ; gain = 198.973
Command: link_design -top UltrasonicSpeaker -part xc7z010clg400-1
Design is defaulting to srcset: sources_1
Design is defaulting to constrset: constrs_1
INFO: [Device 21-403] Loading part xc7z010clg400-1
INFO: [Device 21-9227] Part: xc7z010clg400-1 does not have CEAM library.
INFO: [Project 1-454] Reading design checkpoint 'c:/Users/semenov/Desktop/speaker_project/ultrasonicSpeaker/ultrasonicSpeaker.gen/sources_1/ip/combined_clock_gen/combined_clock_gen.dcp' for cell 'clk_gen'
Netlist sorting complete. Time (s): cpu = 00:00:00 ; elapsed = 00:00:00.002 . Memory (MB): peak = 1044.336 ; gain = 0.000
INFO: [Netlist 29-17] Analyzing 23 Unisim elements for replacement
INFO: [Netlist 29-28] Unisim Transformation completed in 0 CPU seconds
INFO: [Project 1-479] Netlist was created with Vivado 2024.1
INFO: [Project 1-570] Preparing netlist for logic optimization
Parsing XDC File [c:/Users/semenov/Desktop/speaker_project/ultrasonicSpeaker/ultrasonicSpeaker.gen/sources_1/ip/combined_clock_gen/combined_clock_gen_board.xdc] for cell 'clk_gen/inst'
Finished Parsing XDC File [c:/Users/semenov/Desktop/speaker_project/ultrasonicSpeaker/ultrasonicSpeaker.gen/sources_1/ip/combined_clock_gen/combined_clock_gen_board.xdc] for cell 'clk_gen/inst'
Parsing XDC File [c:/Users/semenov/Desktop/speaker_project/ultrasonicSpeaker/ultrasonicSpeaker.gen/sources_1/ip/combined_clock_gen/combined_clock_gen.xdc] for cell 'clk_gen/inst'
INFO: [Timing 38-35] Done setting XDC timing constraints. [c:/Users/semenov/Desktop/speaker_project/ultrasonicSpeaker/ultrasonicSpeaker.gen/sources_1/ip/combined_clock_gen/combined_clock_gen.xdc:54]
INFO: [Timing 38-2] Deriving generated clocks [c:/Users/semenov/Desktop/speaker_project/ultrasonicSpeaker/ultrasonicSpeaker.gen/sources_1/ip/combined_clock_gen/combined_clock_gen.xdc:54]
get_clocks: Time (s): cpu = 00:00:08 ; elapsed = 00:00:09 . Memory (MB): peak = 1726.805 ; gain = 564.691
Finished Parsing XDC File [c:/Users/semenov/Desktop/speaker_project/ultrasonicSpeaker/ultrasonicSpeaker.gen/sources_1/ip/combined_clock_gen/combined_clock_gen.xdc] for cell 'clk_gen/inst'
Parsing XDC File [C:/Users/semenov/Desktop/speaker_project/ultrasonicSpeaker/ultrasonicSpeaker.srcs/constrs_1/new/constraints.xdc]
WARNING: [Constraints 18-619] A clock with name 'clk' already exists, overwriting the previous clock with the same name. [C:/Users/semenov/Desktop/speaker_project/ultrasonicSpeaker/ultrasonicSpeaker.srcs/constrs_1/new/constraints.xdc:1]
WARNING: [Vivado 12-508] No pins matched 'clk'. [C:/Users/semenov/Desktop/speaker_project/ultrasonicSpeaker/ultrasonicSpeaker.srcs/constrs_1/new/constraints.xdc:2]
WARNING: [Vivado 12-508] No pins matched 'mclk'. [C:/Users/semenov/Desktop/speaker_project/ultrasonicSpeaker/ultrasonicSpeaker.srcs/constrs_1/new/constraints.xdc:2]
CRITICAL WARNING: [Vivado 12-4739] create_generated_clock:No valid object(s) found for '-source [get_pins clk]'. [C:/Users/semenov/Desktop/speaker_project/ultrasonicSpeaker/ultrasonicSpeaker.srcs/constrs_1/new/constraints.xdc:2]
Resolution: Check if the specified object(s) exists in the current design. If it does, ensure that the correct design hierarchy was specified for the object. If you are working with clocks, make sure create_clock was used to create the clock object before it is referenced.
Finished Parsing XDC File [C:/Users/semenov/Desktop/speaker_project/ultrasonicSpeaker/ultrasonicSpeaker.srcs/constrs_1/new/constraints.xdc]
INFO: [Opt 31-138] Pushed 0 inverter(s) to 0 load pin(s).
Netlist sorting complete. Time (s): cpu = 00:00:00 ; elapsed = 00:00:00 . Memory (MB): peak = 1727.082 ; gain = 0.000
INFO: [Project 1-111] Unisim Transformation Summary:
No Unisim elements were transformed.

11 Infos, 3 Warnings, 1 Critical Warnings and 0 Errors encountered.
link_design completed successfully
link_design: Time (s): cpu = 00:00:15 ; elapsed = 00:00:16 . Memory (MB): peak = 1727.082 ; gain = 1094.746
Command: opt_design
Attempting to get a license for feature 'Implementation' and/or device 'xc7z010'
INFO: [Common 17-349] Got license for feature 'Implementation' and/or device 'xc7z010'
Running DRC as a precondition to command opt_design

Starting DRC Task
INFO: [DRC 23-27] Running DRC with 2 threads
INFO: [Project 1-461] DRC finished with 0 Errors
INFO: [Project 1-462] Please refer to the DRC report (report_drc) for more information.

Time (s): cpu = 00:00:01 ; elapsed = 00:00:01 . Memory (MB): peak = 1727.082 ; gain = 0.000

Starting Cache Timing Information Task
INFO: [Timing 38-35] Done setting XDC timing constraints.
Ending Cache Timing Information Task | Checksum: 16119a7bf

Time (s): cpu = 00:00:00 ; elapsed = 00:00:00.051 . Memory (MB): peak = 1748.051 ; gain = 20.969

Starting Logic Optimization Task

Phase 1 Initialization

Phase 1.1 Core Generation And Design Setup
Phase 1.1 Core Generation And Design Setup | Checksum: 16119a7bf

Time (s): cpu = 00:00:00 ; elapsed = 00:00:00 . Memory (MB): peak = 2118.586 ; gain = 0.000

Phase 1.2 Setup Constraints And Sort Netlist
Phase 1.2 Setup Constraints And Sort Netlist | Checksum: 16119a7bf

Time (s): cpu = 00:00:00 ; elapsed = 00:00:00.001 . Memory (MB): peak = 2118.586 ; gain = 0.000
Phase 1 Initialization | Checksum: 16119a7bf

Time (s): cpu = 00:00:00 ; elapsed = 00:00:00.001 . Memory (MB): peak = 2118.586 ; gain = 0.000

Phase 2 Timer Update And Timing Data Collection

Phase 2.1 Timer Update
Phase 2.1 Timer Update | Checksum: 16119a7bf

Time (s): cpu = 00:00:00 ; elapsed = 00:00:00.009 . Memory (MB): peak = 2118.586 ; gain = 0.000

Phase 2.2 Timing Data Collection
Phase 2.2 Timing Data Collection | Checksum: 16119a7bf

Time (s): cpu = 00:00:00 ; elapsed = 00:00:00.014 . Memory (MB): peak = 2118.586 ; gain = 0.000
Phase 2 Timer Update And Timing Data Collection | Checksum: 16119a7bf

Time (s): cpu = 00:00:00 ; elapsed = 00:00:00.014 . Memory (MB): peak = 2118.586 ; gain = 0.000

Phase 3 Retarget
INFO: [Opt 31-1834] Total Chains To Be Transformed Were: 0 AND Number of Transformed insts Created are: 0
INFO: [Opt 31-138] Pushed 0 inverter(s) to 0 load pin(s).
INFO: [Opt 31-49] Retargeted 0 cell(s).
Phase 3 Retarget | Checksum: 16119a7bf

Time (s): cpu = 00:00:00 ; elapsed = 00:00:00.019 . Memory (MB): peak = 2118.586 ; gain = 0.000
Retarget | Checksum: 16119a7bf
INFO: [Opt 31-389] Phase Retarget created 0 cells and removed 0 cells
INFO: [Opt 31-1021] In phase Retarget, 1 netlist objects are constrained preventing optimization. Please run opt_design with -debug_log to get more detail. 

Phase 4 Constant propagation
INFO: [Opt 31-138] Pushed 0 inverter(s) to 0 load pin(s).
Phase 4 Constant propagation | Checksum: 16119a7bf

Time (s): cpu = 00:00:00 ; elapsed = 00:00:00.022 . Memory (MB): peak = 2118.586 ; gain = 0.000
Constant propagation | Checksum: 16119a7bf
INFO: [Opt 31-389] Phase Constant propagation created 0 cells and removed 0 cells

Phase 5 Sweep
Phase 5 Sweep | Checksum: 14110abe6

Time (s): cpu = 00:00:00 ; elapsed = 00:00:00.025 . Memory (MB): peak = 2118.586 ; gain = 0.000
Sweep | Checksum: 14110abe6
INFO: [Opt 31-389] Phase Sweep created 0 cells and removed 0 cells

Phase 6 BUFG optimization
Phase 6 BUFG optimization | Checksum: 14110abe6

Time (s): cpu = 00:00:00 ; elapsed = 00:00:00.067 . Memory (MB): peak = 2118.586 ; gain = 0.000
BUFG optimization | Checksum: 14110abe6
INFO: [Opt 31-662] Phase BUFG optimization created 0 cells of which 0 are BUFGs and removed 0 cells.

Phase 7 Shift Register Optimization
INFO: [Opt 31-1064] SRL Remap converted 0 SRLs to 0 registers and converted 0 registers of register chains to 0 SRLs
Phase 7 Shift Register Optimization | Checksum: 14110abe6

Time (s): cpu = 00:00:00 ; elapsed = 00:00:00.068 . Memory (MB): peak = 2118.586 ; gain = 0.000
Shift Register Optimization | Checksum: 14110abe6
INFO: [Opt 31-389] Phase Shift Register Optimization created 0 cells and removed 0 cells

Phase 8 Post Processing Netlist
Phase 8 Post Processing Netlist | Checksum: 14110abe6

Time (s): cpu = 00:00:00 ; elapsed = 00:00:00.069 . Memory (MB): peak = 2118.586 ; gain = 0.000
Post Processing Netlist | Checksum: 14110abe6
INFO: [Opt 31-389] Phase Post Processing Netlist created 0 cells and removed 0 cells

Phase 9 Finalization

Phase 9.1 Finalizing Design Cores and Updating Shapes
Phase 9.1 Finalizing Design Cores and Updating Shapes | Checksum: 1bdd8d46b

Time (s): cpu = 00:00:00 ; elapsed = 00:00:00.082 . Memory (MB): peak = 2118.586 ; gain = 0.000

Phase 9.2 Verifying Netlist Connectivity

Starting Connectivity Check Task

Time (s): cpu = 00:00:00 ; elapsed = 00:00:00 . Memory (MB): peak = 2118.586 ; gain = 0.000
Phase 9.2 Verifying Netlist Connectivity | Checksum: 1bdd8d46b

Time (s): cpu = 00:00:00 ; elapsed = 00:00:00.083 . Memory (MB): peak = 2118.586 ; gain = 0.000
Phase 9 Finalization | Checksum: 1bdd8d46b

Time (s): cpu = 00:00:00 ; elapsed = 00:00:00.083 . Memory (MB): peak = 2118.586 ; gain = 0.000
Opt_design Change Summary
=========================


-------------------------------------------------------------------------------------------------------------------------
|  Phase                        |  #Cells created  |  #Cells Removed  |  #Constrained objects preventing optimizations  |
-------------------------------------------------------------------------------------------------------------------------
|  Retarget                     |               0  |               0  |                                              1  |
|  Constant propagation         |               0  |               0  |                                              0  |
|  Sweep                        |               0  |               0  |                                              0  |
|  BUFG optimization            |               0  |               0  |                                              0  |
|  Shift Register Optimization  |               0  |               0  |                                              0  |
|  Post Processing Netlist      |               0  |               0  |                                              0  |
-------------------------------------------------------------------------------------------------------------------------


Ending Logic Optimization Task | Checksum: 1bdd8d46b

Time (s): cpu = 00:00:00 ; elapsed = 00:00:00.084 . Memory (MB): peak = 2118.586 ; gain = 0.000

Starting Power Optimization Task
INFO: [Pwropt 34-132] Skipping clock gating for clocks with a period < 2.00 ns.
Ending Power Optimization Task | Checksum: 1bdd8d46b

Time (s): cpu = 00:00:00 ; elapsed = 00:00:00.009 . Memory (MB): peak = 2118.586 ; gain = 0.000

Starting Final Cleanup Task
Ending Final Cleanup Task | Checksum: 1bdd8d46b

Time (s): cpu = 00:00:00 ; elapsed = 00:00:00 . Memory (MB): peak = 2118.586 ; gain = 0.000

Starting Netlist Obfuscation Task
Netlist sorting complete. Time (s): cpu = 00:00:00 ; elapsed = 00:00:00 . Memory (MB): peak = 2118.586 ; gain = 0.000
Ending Netlist Obfuscation Task | Checksum: 1bdd8d46b

Time (s): cpu = 00:00:00 ; elapsed = 00:00:00 . Memory (MB): peak = 2118.586 ; gain = 0.000
INFO: [Common 17-83] Releasing license: Implementation
30 Infos, 3 Warnings, 1 Critical Warnings and 0 Errors encountered.
opt_design completed successfully
INFO: [Vivado 12-24828] Executing command : report_drc -file UltrasonicSpeaker_drc_opted.rpt -pb UltrasonicSpeaker_drc_opted.pb -rpx UltrasonicSpeaker_drc_opted.rpx
Command: report_drc -file UltrasonicSpeaker_drc_opted.rpt -pb UltrasonicSpeaker_drc_opted.pb -rpx UltrasonicSpeaker_drc_opted.rpx
INFO: [IP_Flow 19-1839] IP Catalog is up to date.
INFO: [DRC 23-27] Running DRC with 2 threads
INFO: [Vivado_Tcl 2-168] The results of DRC are in file C:/Users/semenov/Desktop/speaker_project/ultrasonicSpeaker/ultrasonicSpeaker.runs/impl_1/UltrasonicSpeaker_drc_opted.rpt.
report_drc completed successfully
INFO: [Timing 38-480] Writing timing data to binary archive.
Write ShapeDB Complete: Time (s): cpu = 00:00:00 ; elapsed = 00:00:00.002 . Memory (MB): peak = 2118.586 ; gain = 0.000
Wrote PlaceDB: Time (s): cpu = 00:00:00 ; elapsed = 00:00:00.002 . Memory (MB): peak = 2118.586 ; gain = 0.000
Wrote PulsedLatchDB: Time (s): cpu = 00:00:00 ; elapsed = 00:00:00 . Memory (MB): peak = 2118.586 ; gain = 0.000
Writing XDEF routing.
Writing XDEF routing logical nets.
Writing XDEF routing special nets.
Wrote RouteStorage: Time (s): cpu = 00:00:00 ; elapsed = 00:00:00.072 . Memory (MB): peak = 2118.586 ; gain = 0.000
Wrote Netlist Cache: Time (s): cpu = 00:00:00 ; elapsed = 00:00:00 . Memory (MB): peak = 2118.586 ; gain = 0.000
Wrote Device Cache: Time (s): cpu = 00:00:00 ; elapsed = 00:00:00.024 . Memory (MB): peak = 2118.586 ; gain = 0.000
Write Physdb Complete: Time (s): cpu = 00:00:00 ; elapsed = 00:00:00.106 . Memory (MB): peak = 2118.586 ; gain = 0.000
INFO: [Common 17-1381] The checkpoint 'C:/Users/semenov/Desktop/speaker_project/ultrasonicSpeaker/ultrasonicSpeaker.runs/impl_1/UltrasonicSpeaker_opt.dcp' has been generated.
Command: place_design
Attempting to get a license for feature 'Implementation' and/or device 'xc7z010'
INFO: [Common 17-349] Got license for feature 'Implementation' and/or device 'xc7z010'
INFO: [Common 17-83] Releasing license: Implementation
INFO: [DRC 23-27] Running DRC with 2 threads
INFO: [Vivado_Tcl 4-198] DRC finished with 0 Errors
INFO: [Vivado_Tcl 4-199] Please refer to the DRC report (report_drc) for more information.
Running DRC as a precondition to command place_design
INFO: [DRC 23-27] Running DRC with 2 threads
INFO: [Vivado_Tcl 4-198] DRC finished with 0 Errors
INFO: [Vivado_Tcl 4-199] Please refer to the DRC report (report_drc) for more information.
INFO: [Place 30-611] Multithreading enabled for place_design using a maximum of 2 CPUs

Starting Placer Task

Phase 1 Placer Initialization

Phase 1.1 Placer Initialization Netlist Sorting
Netlist sorting complete. Time (s): cpu = 00:00:00 ; elapsed = 00:00:00 . Memory (MB): peak = 2118.586 ; gain = 0.000
Phase 1.1 Placer Initialization Netlist Sorting | Checksum: 1517d9698

Time (s): cpu = 00:00:00 ; elapsed = 00:00:00.001 . Memory (MB): peak = 2118.586 ; gain = 0.000
Netlist sorting complete. Time (s): cpu = 00:00:00 ; elapsed = 00:00:00 . Memory (MB): peak = 2118.586 ; gain = 0.000

Phase 1.2 IO Placement/ Clock Placement/ Build Placer Device
INFO: [Timing 38-35] Done setting XDC timing constraints.
Phase 1.2 IO Placement/ Clock Placement/ Build Placer Device | Checksum: 11e136b7c

Time (s): cpu = 00:00:00 ; elapsed = 00:00:00.081 . Memory (MB): peak = 2118.586 ; gain = 0.000

Phase 1.3 Build Placer Netlist Model
Phase 1.3 Build Placer Netlist Model | Checksum: 1fdc1e139

Time (s): cpu = 00:00:00 ; elapsed = 00:00:00.206 . Memory (MB): peak = 2118.586 ; gain = 0.000

Phase 1.4 Constrain Clocks/Macros
Phase 1.4 Constrain Clocks/Macros | Checksum: 1fdc1e139

Time (s): cpu = 00:00:00 ; elapsed = 00:00:00.207 . Memory (MB): peak = 2118.586 ; gain = 0.000
Phase 1 Placer Initialization | Checksum: 1fdc1e139

Time (s): cpu = 00:00:00 ; elapsed = 00:00:00.209 . Memory (MB): peak = 2118.586 ; gain = 0.000

Phase 2 Global Placement

Phase 2.1 Floorplanning
Phase 2.1 Floorplanning | Checksum: 1ca5a61b1

Time (s): cpu = 00:00:01 ; elapsed = 00:00:00.321 . Memory (MB): peak = 2118.586 ; gain = 0.000

Phase 2.2 Update Timing before SLR Path Opt
Phase 2.2 Update Timing before SLR Path Opt | Checksum: 1838e6e89

Time (s): cpu = 00:00:01 ; elapsed = 00:00:00.381 . Memory (MB): peak = 2118.586 ; gain = 0.000

Phase 2.3 Post-Processing in Floorplanning
Phase 2.3 Post-Processing in Floorplanning | Checksum: 1838e6e89

Time (s): cpu = 00:00:01 ; elapsed = 00:00:00.382 . Memory (MB): peak = 2118.586 ; gain = 0.000

Phase 2.4 Global Placement Core

Phase 2.4.1 UpdateTiming Before Physical Synthesis
Phase 2.4.1 UpdateTiming Before Physical Synthesis | Checksum: 1c3e929f1

Time (s): cpu = 00:00:07 ; elapsed = 00:00:03 . Memory (MB): peak = 2118.586 ; gain = 0.000

Phase 2.4.2 Physical Synthesis In Placer
INFO: [Physopt 32-1044] Break lutnm for timing: one critical 0, two critical 0, total 0, new lutff created 0
INFO: [Physopt 32-1138] End 1 Pass. Optimized 0 net or LUT. Breaked 0 LUT, combined 0 existing LUT and moved 0 existing LUT
INFO: [Physopt 32-65] No nets found for high-fanout optimization.
INFO: [Physopt 32-232] Optimized 0 net. Created 0 new instance.
INFO: [Physopt 32-775] End 1 Pass. Optimized 0 net or cell. Created 0 new cell, deleted 0 existing cell and moved 0 existing cell
INFO: [Physopt 32-456] No candidate cells for DSP register optimization found in the design.
INFO: [Physopt 32-775] End 2 Pass. Optimized 0 net or cell. Created 0 new cell, deleted 0 existing cell and moved 0 existing cell
INFO: [Physopt 32-1123] No candidate cells found for Shift Register to Pipeline optimization
INFO: [Physopt 32-775] End 2 Pass. Optimized 0 net or cell. Created 0 new cell, deleted 0 existing cell and moved 0 existing cell
INFO: [Physopt 32-1401] No candidate cells found for Shift Register optimization.
INFO: [Physopt 32-677] No candidate cells for Shift Register optimization found in the design
INFO: [Physopt 32-775] End 1 Pass. Optimized 0 net or cell. Created 0 new cell, deleted 0 existing cell and moved 0 existing cell
INFO: [Physopt 32-526] No candidate cells for BRAM register optimization found in the design
INFO: [Physopt 32-775] End 1 Pass. Optimized 0 net or cell. Created 0 new cell, deleted 0 existing cell and moved 0 existing cell
INFO: [Physopt 32-846] No candidate cells for URAM register optimization found in the design
INFO: [Physopt 32-775] End 1 Pass. Optimized 0 net or cell. Created 0 new cell, deleted 0 existing cell and moved 0 existing cell
INFO: [Physopt 32-846] No candidate cells for URAM register optimization found in the design
INFO: [Physopt 32-775] End 1 Pass. Optimized 0 net or cell. Created 0 new cell, deleted 0 existing cell and moved 0 existing cell
INFO: [Physopt 32-949] No candidate nets found for dynamic/static region interface net replication
INFO: [Physopt 32-775] End 1 Pass. Optimized 0 net or cell. Created 0 new cell, deleted 0 existing cell and moved 0 existing cell
Netlist sorting complete. Time (s): cpu = 00:00:00 ; elapsed = 00:00:00 . Memory (MB): peak = 2118.586 ; gain = 0.000

Summary of Physical Synthesis Optimizations
============================================


-----------------------------------------------------------------------------------------------------------------------------------------------------------
|  Optimization                                     |  Added Cells  |  Removed Cells  |  Optimized Cells/Nets  |  Dont Touch  |  Iterations  |  Elapsed   |
-----------------------------------------------------------------------------------------------------------------------------------------------------------
|  LUT Combining                                    |            0  |              0  |                     0  |           0  |           1  |  00:00:00  |
|  Retime                                           |            0  |              0  |                     0  |           0  |           1  |  00:00:00  |
|  Very High Fanout                                 |            0  |              0  |                     0  |           0  |           1  |  00:00:00  |
|  DSP Register                                     |            0  |              0  |                     0  |           0  |           1  |  00:00:00  |
|  Shift Register to Pipeline                       |            0  |              0  |                     0  |           0  |           1  |  00:00:00  |
|  Shift Register                                   |            0  |              0  |                     0  |           0  |           1  |  00:00:00  |
|  BRAM Register                                    |            0  |              0  |                     0  |           0  |           1  |  00:00:00  |
|  URAM Register                                    |            0  |              0  |                     0  |           0  |           1  |  00:00:00  |
|  Dynamic/Static Region Interface Net Replication  |            0  |              0  |                     0  |           0  |           1  |  00:00:00  |
|  Total                                            |            0  |              0  |                     0  |           0  |           9  |  00:00:00  |
-----------------------------------------------------------------------------------------------------------------------------------------------------------


Phase 2.4.2 Physical Synthesis In Placer | Checksum: 1c3e929f1

Time (s): cpu = 00:00:07 ; elapsed = 00:00:03 . Memory (MB): peak = 2118.586 ; gain = 0.000
Phase 2.4 Global Placement Core | Checksum: 12f016d3a

Time (s): cpu = 00:00:07 ; elapsed = 00:00:03 . Memory (MB): peak = 2118.586 ; gain = 0.000
Phase 2 Global Placement | Checksum: 12f016d3a

Time (s): cpu = 00:00:07 ; elapsed = 00:00:03 . Memory (MB): peak = 2118.586 ; gain = 0.000

Phase 3 Detail Placement

Phase 3.1 Commit Multi Column Macros
Phase 3.1 Commit Multi Column Macros | Checksum: 1e26e1a14

Time (s): cpu = 00:00:07 ; elapsed = 00:00:03 . Memory (MB): peak = 2118.586 ; gain = 0.000

Phase 3.2 Commit Most Macros & LUTRAMs
Phase 3.2 Commit Most Macros & LUTRAMs | Checksum: 1856f7e8a

Time (s): cpu = 00:00:07 ; elapsed = 00:00:03 . Memory (MB): peak = 2118.586 ; gain = 0.000

Phase 3.3 Area Swap Optimization
Phase 3.3 Area Swap Optimization | Checksum: 1365dfdbb

Time (s): cpu = 00:00:07 ; elapsed = 00:00:03 . Memory (MB): peak = 2118.586 ; gain = 0.000

Phase 3.4 Pipeline Register Optimization
Phase 3.4 Pipeline Register Optimization | Checksum: 11b2cb12c

Time (s): cpu = 00:00:07 ; elapsed = 00:00:03 . Memory (MB): peak = 2118.586 ; gain = 0.000

Phase 3.5 Fast Optimization
Phase 3.5 Fast Optimization | Checksum: df8e7bc3

Time (s): cpu = 00:00:07 ; elapsed = 00:00:04 . Memory (MB): peak = 2118.586 ; gain = 0.000

Phase 3.6 Small Shape Detail Placement
Phase 3.6 Small Shape Detail Placement | Checksum: bc987982

Time (s): cpu = 00:00:08 ; elapsed = 00:00:04 . Memory (MB): peak = 2118.586 ; gain = 0.000

Phase 3.7 Re-assign LUT pins
Phase 3.7 Re-assign LUT pins | Checksum: 117d8f6ad

Time (s): cpu = 00:00:08 ; elapsed = 00:00:04 . Memory (MB): peak = 2118.586 ; gain = 0.000

Phase 3.8 Pipeline Register Optimization
Phase 3.8 Pipeline Register Optimization | Checksum: 10aa7a81c

Time (s): cpu = 00:00:08 ; elapsed = 00:00:04 . Memory (MB): peak = 2118.586 ; gain = 0.000

Phase 3.9 Fast Optimization
Phase 3.9 Fast Optimization | Checksum: fbea541d

Time (s): cpu = 00:00:08 ; elapsed = 00:00:05 . Memory (MB): peak = 2118.586 ; gain = 0.000
Phase 3 Detail Placement | Checksum: fbea541d

Time (s): cpu = 00:00:08 ; elapsed = 00:00:05 . Memory (MB): peak = 2118.586 ; gain = 0.000

Phase 4 Post Placement Optimization and Clean-Up

Phase 4.1 Post Commit Optimization
INFO: [Timing 38-35] Done setting XDC timing constraints.

Phase 4.1.1 Post Placement Optimization
Post Placement Optimization Initialization | Checksum: 159642151

Phase 4.1.1.1 BUFG Insertion

Starting Physical Synthesis Task

Phase 1 Physical Synthesis Initialization
INFO: [Physopt 32-721] Multithreading enabled for phys_opt_design using a maximum of 2 CPUs
INFO: [Physopt 32-619] Estimated Timing Summary | WNS=-2.523 | TNS=-3.757 |
Phase 1 Physical Synthesis Initialization | Checksum: 1395c50cb

Time (s): cpu = 00:00:00 ; elapsed = 00:00:00.012 . Memory (MB): peak = 2118.586 ; gain = 0.000
INFO: [Place 46-56] BUFG insertion identified 0 candidate nets. Inserted BUFG: 0, Replicated BUFG Driver: 0, Skipped due to Placement/Routing Conflicts: 0, Skipped due to Timing Degradation: 0, Skipped due to netlist editing failed: 0.
Ending Physical Synthesis Task | Checksum: 153a247b1

Time (s): cpu = 00:00:00 ; elapsed = 00:00:00.014 . Memory (MB): peak = 2118.586 ; gain = 0.000
Phase 4.1.1.1 BUFG Insertion | Checksum: 159642151

Time (s): cpu = 00:00:08 ; elapsed = 00:00:05 . Memory (MB): peak = 2118.586 ; gain = 0.000

Phase 4.1.1.2 Post Placement Timing Optimization
INFO: [Place 30-746] Post Placement Timing Summary WNS=-2.256. For the most accurate timing information please run report_timing.
Phase 4.1.1.2 Post Placement Timing Optimization | Checksum: 2221af58d

Time (s): cpu = 00:00:10 ; elapsed = 00:00:06 . Memory (MB): peak = 2118.586 ; gain = 0.000

Time (s): cpu = 00:00:10 ; elapsed = 00:00:06 . Memory (MB): peak = 2118.586 ; gain = 0.000
Phase 4.1 Post Commit Optimization | Checksum: 2221af58d

Time (s): cpu = 00:00:10 ; elapsed = 00:00:06 . Memory (MB): peak = 2118.586 ; gain = 0.000

Phase 4.2 Post Placement Cleanup
Phase 4.2 Post Placement Cleanup | Checksum: 2221af58d

Time (s): cpu = 00:00:10 ; elapsed = 00:00:06 . Memory (MB): peak = 2118.586 ; gain = 0.000

Phase 4.3 Placer Reporting

Phase 4.3.1 Print Estimated Congestion
INFO: [Place 30-612] Post-Placement Estimated Congestion 
 ____________________________________________________
|           | Global Congestion | Short Congestion  |
| Direction | Region Size       | Region Size       |
|___________|___________________|___________________|
|      North|                1x1|                1x1|
|___________|___________________|___________________|
|      South|                1x1|                1x1|
|___________|___________________|___________________|
|       East|                1x1|                1x1|
|___________|___________________|___________________|
|       West|                1x1|                1x1|
|___________|___________________|___________________|

Phase 4.3.1 Print Estimated Congestion | Checksum: 2221af58d

Time (s): cpu = 00:00:10 ; elapsed = 00:00:06 . Memory (MB): peak = 2118.586 ; gain = 0.000
Phase 4.3 Placer Reporting | Checksum: 2221af58d

Time (s): cpu = 00:00:10 ; elapsed = 00:00:06 . Memory (MB): peak = 2118.586 ; gain = 0.000

Phase 4.4 Final Placement Cleanup
Netlist sorting complete. Time (s): cpu = 00:00:00 ; elapsed = 00:00:00 . Memory (MB): peak = 2118.586 ; gain = 0.000

Time (s): cpu = 00:00:10 ; elapsed = 00:00:06 . Memory (MB): peak = 2118.586 ; gain = 0.000
Phase 4 Post Placement Optimization and Clean-Up | Checksum: 27d4627a0

Time (s): cpu = 00:00:10 ; elapsed = 00:00:06 . Memory (MB): peak = 2118.586 ; gain = 0.000
Ending Placer Task | Checksum: 1df84e17a

Time (s): cpu = 00:00:10 ; elapsed = 00:00:06 . Memory (MB): peak = 2118.586 ; gain = 0.000
72 Infos, 3 Warnings, 1 Critical Warnings and 0 Errors encountered.
place_design completed successfully
place_design: Time (s): cpu = 00:00:13 ; elapsed = 00:00:08 . Memory (MB): peak = 2118.586 ; gain = 0.000
INFO: [Vivado 12-24838] Running report commands "report_control_sets, report_io, report_utilization" in parallel.
Running report generation with 2 threads.
INFO: [Vivado 12-24828] Executing command : report_utilization -file UltrasonicSpeaker_utilization_placed.rpt -pb UltrasonicSpeaker_utilization_placed.pb
INFO: [Vivado 12-24828] Executing command : report_control_sets -verbose -file UltrasonicSpeaker_control_sets_placed.rpt
report_control_sets: Time (s): cpu = 00:00:00 ; elapsed = 00:00:00.001 . Memory (MB): peak = 2118.586 ; gain = 0.000
INFO: [Vivado 12-24828] Executing command : report_io -file UltrasonicSpeaker_io_placed.rpt
report_io: Time (s): cpu = 00:00:00 ; elapsed = 00:00:00.095 . Memory (MB): peak = 2118.586 ; gain = 0.000
Write ShapeDB Complete: Time (s): cpu = 00:00:00 ; elapsed = 00:00:00.001 . Memory (MB): peak = 2118.586 ; gain = 0.000
INFO: [Timing 38-480] Writing timing data to binary archive.
Wrote PlaceDB: Time (s): cpu = 00:00:00 ; elapsed = 00:00:00.015 . Memory (MB): peak = 2118.586 ; gain = 0.000
Wrote PulsedLatchDB: Time (s): cpu = 00:00:00 ; elapsed = 00:00:00 . Memory (MB): peak = 2118.586 ; gain = 0.000
Writing XDEF routing.
Writing XDEF routing logical nets.
Writing XDEF routing special nets.
Wrote RouteStorage: Time (s): cpu = 00:00:00 ; elapsed = 00:00:00.032 . Memory (MB): peak = 2118.586 ; gain = 0.000
Wrote Netlist Cache: Time (s): cpu = 00:00:00 ; elapsed = 00:00:00.001 . Memory (MB): peak = 2118.586 ; gain = 0.000
Wrote Device Cache: Time (s): cpu = 00:00:00 ; elapsed = 00:00:00.015 . Memory (MB): peak = 2118.586 ; gain = 0.000
Write Physdb Complete: Time (s): cpu = 00:00:00 ; elapsed = 00:00:00.069 . Memory (MB): peak = 2118.586 ; gain = 0.000
INFO: [Common 17-1381] The checkpoint 'C:/Users/semenov/Desktop/speaker_project/ultrasonicSpeaker/ultrasonicSpeaker.runs/impl_1/UltrasonicSpeaker_placed.dcp' has been generated.
Command: phys_opt_design
Attempting to get a license for feature 'Implementation' and/or device 'xc7z010'
INFO: [Common 17-349] Got license for feature 'Implementation' and/or device 'xc7z010'

Starting Initial Update Timing Task

Time (s): cpu = 00:00:00 ; elapsed = 00:00:00.041 . Memory (MB): peak = 2118.586 ; gain = 0.000
INFO: [Vivado_Tcl 4-1435] PhysOpt_Tcl_Interface Runtime Before Starting Physical Synthesis Task | CPU: 0.00s |  WALL: 0.05s
Netlist sorting complete. Time (s): cpu = 00:00:00 ; elapsed = 00:00:00 . Memory (MB): peak = 2118.586 ; gain = 0.000

Starting Physical Synthesis Task

Phase 1 Physical Synthesis Initialization
INFO: [Physopt 32-721] Multithreading enabled for phys_opt_design using a maximum of 2 CPUs
INFO: [Physopt 32-619] Estimated Timing Summary | WNS=-2.256 | TNS=-3.286 |
Phase 1 Physical Synthesis Initialization | Checksum: fcb0c04b

Time (s): cpu = 00:00:00 ; elapsed = 00:00:00.054 . Memory (MB): peak = 2118.586 ; gain = 0.000
INFO: [Physopt 32-619] Estimated Timing Summary | WNS=-2.256 | TNS=-3.286 |

Phase 2 DSP Register Optimization
INFO: [Physopt 32-456] No candidate cells for DSP register optimization found in the design.
INFO: [Physopt 32-775] End 2 Pass. Optimized 0 net or cell. Created 0 new cell, deleted 0 existing cell and moved 0 existing cell
Phase 2 DSP Register Optimization | Checksum: fcb0c04b

Time (s): cpu = 00:00:00 ; elapsed = 00:00:00.057 . Memory (MB): peak = 2118.586 ; gain = 0.000

Phase 3 Critical Path Optimization
INFO: [Physopt 32-619] Estimated Timing Summary | WNS=-2.256 | TNS=-3.286 |
INFO: [Physopt 32-702] Processed net test[10]. Optimizations did not improve timing on the net.
INFO: [Physopt 32-702] Processed net clk_gen/inst/clk_out1_combined_clock_gen. Optimizations did not improve timing on the net.
INFO: [Physopt 32-702] Processed net test1. Optimizations did not improve timing on the net.
INFO: [Physopt 32-702] Processed net test[10]_i_7_n_0. Optimizations did not improve timing on the net.
INFO: [Physopt 32-702] Processed net test_reg[10]_i_10_n_3. Optimizations did not improve timing on the net.
INFO: [Physopt 32-702] Processed net test_reg[10]_i_11_n_0. Optimizations did not improve timing on the net.
INFO: [Physopt 32-702] Processed net test[10]_i_15_n_0. Optimizations did not improve timing on the net.
INFO: [Physopt 32-702] Processed net test[10]_i_1_n_0. Optimizations did not improve timing on the net.
INFO: [Physopt 32-702] Processed net something_reg_n_0_[12]. Optimizations did not improve timing on the net.
INFO: [Physopt 32-702] Processed net test[10]. Optimizations did not improve timing on the net.
INFO: [Physopt 32-702] Processed net clk_gen/inst/clk_out1_combined_clock_gen. Optimizations did not improve timing on the net.
INFO: [Physopt 32-702] Processed net test1. Optimizations did not improve timing on the net.
INFO: [Physopt 32-702] Processed net test[10]_i_7_n_0. Optimizations did not improve timing on the net.
INFO: [Physopt 32-702] Processed net test_reg[10]_i_10_n_3. Optimizations did not improve timing on the net.
INFO: [Physopt 32-702] Processed net test[10]_i_15_n_0. Optimizations did not improve timing on the net.
INFO: [Physopt 32-702] Processed net test[10]_i_1_n_0. Optimizations did not improve timing on the net.
INFO: [Physopt 32-702] Processed net something_reg_n_0_[12]. Optimizations did not improve timing on the net.
INFO: [Physopt 32-619] Estimated Timing Summary | WNS=-2.256 | TNS=-3.286 |
Netlist sorting complete. Time (s): cpu = 00:00:00 ; elapsed = 00:00:00.001 . Memory (MB): peak = 2118.586 ; gain = 0.000
Phase 3 Critical Path Optimization | Checksum: fcb0c04b

Time (s): cpu = 00:00:00 ; elapsed = 00:00:00.241 . Memory (MB): peak = 2118.586 ; gain = 0.000
Netlist sorting complete. Time (s): cpu = 00:00:00 ; elapsed = 00:00:00 . Memory (MB): peak = 2118.586 ; gain = 0.000
INFO: [Physopt 32-603] Post Physical Optimization Timing Summary | WNS=-2.256 | TNS=-3.286 |

Summary of Physical Synthesis Optimizations
============================================


-------------------------------------------------------------------------------------------------------------------------------------------------------------
|  Optimization   |  WNS Gain (ns)  |  TNS Gain (ns)  |  Added Cells  |  Removed Cells  |  Optimized Cells/Nets  |  Dont Touch  |  Iterations  |  Elapsed   |
-------------------------------------------------------------------------------------------------------------------------------------------------------------
|  DSP Register   |          0.000  |          0.000  |            0  |              0  |                     0  |           0  |           1  |  00:00:00  |
|  Critical Path  |          0.000  |          0.000  |            0  |              0  |                     0  |           0  |           1  |  00:00:00  |
|  Total          |          0.000  |          0.000  |            0  |              0  |                     0  |           0  |           2  |  00:00:00  |
-------------------------------------------------------------------------------------------------------------------------------------------------------------


Netlist sorting complete. Time (s): cpu = 00:00:00 ; elapsed = 00:00:00.001 . Memory (MB): peak = 2118.586 ; gain = 0.000
Ending Physical Synthesis Task | Checksum: 1a35aaf93

Time (s): cpu = 00:00:00 ; elapsed = 00:00:00.245 . Memory (MB): peak = 2118.586 ; gain = 0.000
INFO: [Common 17-83] Releasing license: Implementation
106 Infos, 3 Warnings, 1 Critical Warnings and 0 Errors encountered.
phys_opt_design completed successfully
Write ShapeDB Complete: Time (s): cpu = 00:00:00 ; elapsed = 00:00:00.001 . Memory (MB): peak = 2129.969 ; gain = 0.000
INFO: [Timing 38-480] Writing timing data to binary archive.
Wrote PlaceDB: Time (s): cpu = 00:00:00 ; elapsed = 00:00:00.025 . Memory (MB): peak = 2129.969 ; gain = 0.000
Wrote PulsedLatchDB: Time (s): cpu = 00:00:00 ; elapsed = 00:00:00 . Memory (MB): peak = 2129.969 ; gain = 0.000
Writing XDEF routing.
Writing XDEF routing logical nets.
Writing XDEF routing special nets.
Wrote RouteStorage: Time (s): cpu = 00:00:00 ; elapsed = 00:00:00.032 . Memory (MB): peak = 2129.969 ; gain = 0.000
Wrote Netlist Cache: Time (s): cpu = 00:00:00 ; elapsed = 00:00:00 . Memory (MB): peak = 2129.969 ; gain = 0.000
Wrote Device Cache: Time (s): cpu = 00:00:00 ; elapsed = 00:00:00.012 . Memory (MB): peak = 2129.969 ; gain = 0.000
Write Physdb Complete: Time (s): cpu = 00:00:00 ; elapsed = 00:00:00.078 . Memory (MB): peak = 2129.969 ; gain = 0.000
INFO: [Common 17-1381] The checkpoint 'C:/Users/semenov/Desktop/speaker_project/ultrasonicSpeaker/ultrasonicSpeaker.runs/impl_1/UltrasonicSpeaker_physopt.dcp' has been generated.
Command: route_design
Attempting to get a license for feature 'Implementation' and/or device 'xc7z010'
INFO: [Common 17-349] Got license for feature 'Implementation' and/or device 'xc7z010'
Running DRC as a precondition to command route_design
INFO: [DRC 23-27] Running DRC with 2 threads
INFO: [Vivado_Tcl 4-198] DRC finished with 0 Errors
INFO: [Vivado_Tcl 4-199] Please refer to the DRC report (report_drc) for more information.


Starting Routing Task
INFO: [Route 35-254] Multithreading enabled for route_design using a maximum of 8 CPUs

Phase 1 Build RT Design
Checksum: PlaceDB: bfdd5cb7 ConstDB: 0 ShapeSum: d89bdde RouteDB: 6998572b
Post Restoration Checksum: NetGraph: ce166afc | NumContArr: 8237177f | Constraints: c2a8fa9d | Timing: c2a8fa9d
Phase 1 Build RT Design | Checksum: 2d59f77b5

Time (s): cpu = 00:00:15 ; elapsed = 00:00:14 . Memory (MB): peak = 2191.801 ; gain = 50.406

Phase 2 Router Initialization

Phase 2.1 Fix Topology Constraints
Phase 2.1 Fix Topology Constraints | Checksum: 2d59f77b5

Time (s): cpu = 00:00:15 ; elapsed = 00:00:14 . Memory (MB): peak = 2191.801 ; gain = 50.406

Phase 2.2 Pre Route Cleanup
Phase 2.2 Pre Route Cleanup | Checksum: 2d59f77b5

Time (s): cpu = 00:00:15 ; elapsed = 00:00:14 . Memory (MB): peak = 2191.801 ; gain = 50.406
 Number of Nodes with overlaps = 0

Phase 2.3 Update Timing
Phase 2.3 Update Timing | Checksum: 212ff040d

Time (s): cpu = 00:00:16 ; elapsed = 00:00:14 . Memory (MB): peak = 2242.262 ; gain = 100.867
INFO: [Route 35-416] Intermediate Timing Summary | WNS=-2.277 | TNS=-3.335 | WHS=-0.097 | THS=-0.458 |


Router Utilization Summary
  Global Vertical Routing Utilization    = 0 %
  Global Horizontal Routing Utilization  = 0 %
  Routable Net Status*
  *Does not include unroutable nets such as driverless and loadless.
  Run report_route_status for detailed report.
  Number of Failed Nets               = 120
    (Failed Nets is the sum of unrouted and partially routed nets)
  Number of Unrouted Nets             = 120
  Number of Partially Routed Nets     = 0
  Number of Node Overlaps             = 0

Phase 2 Router Initialization | Checksum: 23c4af6e4

Time (s): cpu = 00:00:16 ; elapsed = 00:00:14 . Memory (MB): peak = 2242.262 ; gain = 100.867

Phase 3 Global Routing
Phase 3 Global Routing | Checksum: 23c4af6e4

Time (s): cpu = 00:00:16 ; elapsed = 00:00:14 . Memory (MB): peak = 2242.262 ; gain = 100.867

Phase 4 Initial Routing

Phase 4.1 Initial Net Routing Pass
Phase 4.1 Initial Net Routing Pass | Checksum: 260397619

Time (s): cpu = 00:00:16 ; elapsed = 00:00:14 . Memory (MB): peak = 2242.262 ; gain = 100.867
Phase 4 Initial Routing | Checksum: 260397619

Time (s): cpu = 00:00:16 ; elapsed = 00:00:14 . Memory (MB): peak = 2242.262 ; gain = 100.867

Phase 5 Rip-up And Reroute

Phase 5.1 Global Iteration 0
 Number of Nodes with overlaps = 4
 Number of Nodes with overlaps = 1
 Number of Nodes with overlaps = 0
INFO: [Route 35-416] Intermediate Timing Summary | WNS=-2.651 | TNS=-4.090 | WHS=N/A    | THS=N/A    |

Phase 5.1 Global Iteration 0 | Checksum: 1649eb63b

Time (s): cpu = 00:00:16 ; elapsed = 00:00:14 . Memory (MB): peak = 2274.266 ; gain = 132.871

Phase 5.2 Global Iteration 1
 Number of Nodes with overlaps = 2
 Number of Nodes with overlaps = 0
INFO: [Route 35-416] Intermediate Timing Summary | WNS=-2.985 | TNS=-4.424 | WHS=N/A    | THS=N/A    |

Phase 5.2 Global Iteration 1 | Checksum: 26f4f60f1

Time (s): cpu = 00:00:16 ; elapsed = 00:00:14 . Memory (MB): peak = 2274.266 ; gain = 132.871
Phase 5 Rip-up And Reroute | Checksum: 26f4f60f1

Time (s): cpu = 00:00:16 ; elapsed = 00:00:14 . Memory (MB): peak = 2274.266 ; gain = 132.871

Phase 6 Delay and Skew Optimization

Phase 6.1 Delay CleanUp

Phase 6.1.1 Update Timing
Phase 6.1.1 Update Timing | Checksum: 2e3e91914

Time (s): cpu = 00:00:16 ; elapsed = 00:00:14 . Memory (MB): peak = 2274.266 ; gain = 132.871
INFO: [Route 35-416] Intermediate Timing Summary | WNS=-2.651 | TNS=-4.090 | WHS=N/A    | THS=N/A    |

 Number of Nodes with overlaps = 0
Phase 6.1 Delay CleanUp | Checksum: 228942813

Time (s): cpu = 00:00:16 ; elapsed = 00:00:14 . Memory (MB): peak = 2274.266 ; gain = 132.871

Phase 6.2 Clock Skew Optimization
Phase 6.2 Clock Skew Optimization | Checksum: 228942813

Time (s): cpu = 00:00:16 ; elapsed = 00:00:14 . Memory (MB): peak = 2274.266 ; gain = 132.871
Phase 6 Delay and Skew Optimization | Checksum: 228942813

Time (s): cpu = 00:00:16 ; elapsed = 00:00:14 . Memory (MB): peak = 2274.266 ; gain = 132.871

Phase 7 Post Hold Fix

Phase 7.1 Hold Fix Iter
INFO: [Route 35-416] Intermediate Timing Summary | WNS=-2.651 | TNS=-4.090 | WHS=0.105  | THS=0.000  |

Phase 7.1 Hold Fix Iter | Checksum: 24f16f255

Time (s): cpu = 00:00:16 ; elapsed = 00:00:14 . Memory (MB): peak = 2274.266 ; gain = 132.871
Phase 7 Post Hold Fix | Checksum: 24f16f255

Time (s): cpu = 00:00:16 ; elapsed = 00:00:14 . Memory (MB): peak = 2274.266 ; gain = 132.871

Phase 8 Route finalize

Router Utilization Summary
  Global Vertical Routing Utilization    = 0.0271678 %
  Global Horizontal Routing Utilization  = 0.0360754 %
  Routable Net Status*
  *Does not include unroutable nets such as driverless and loadless.
  Run report_route_status for detailed report.
  Number of Failed Nets               = 0
    (Failed Nets is the sum of unrouted and partially routed nets)
  Number of Unrouted Nets             = 0
  Number of Partially Routed Nets     = 0
  Number of Node Overlaps             = 0


--GLOBAL Congestion:
Utilization threshold used for congestion level computation: 0.85
Congestion Report
North Dir 1x1 Area, Max Cong = 7.20721%, No Congested Regions.
South Dir 1x1 Area, Max Cong = 11.7117%, No Congested Regions.
East Dir 1x1 Area, Max Cong = 14.7059%, No Congested Regions.
West Dir 1x1 Area, Max Cong = 17.6471%, No Congested Regions.

------------------------------
Reporting congestion hotspots
------------------------------
Direction: North
----------------
Congested clusters found at Level 0
Effective congestion level: 0 Aspect Ratio: 1 Sparse Ratio: 0
Direction: South
----------------
Congested clusters found at Level 0
Effective congestion level: 0 Aspect Ratio: 1 Sparse Ratio: 0
Direction: East
----------------
Congested clusters found at Level 0
Effective congestion level: 0 Aspect Ratio: 1 Sparse Ratio: 0
Direction: West
----------------
Congested clusters found at Level 0
Effective congestion level: 0 Aspect Ratio: 1 Sparse Ratio: 0

Phase 8 Route finalize | Checksum: 24f16f255

Time (s): cpu = 00:00:16 ; elapsed = 00:00:14 . Memory (MB): peak = 2274.266 ; gain = 132.871

Phase 9 Verifying routed nets

 Verification completed successfully
Phase 9 Verifying routed nets | Checksum: 24f16f255

Time (s): cpu = 00:00:16 ; elapsed = 00:00:14 . Memory (MB): peak = 2274.266 ; gain = 132.871

Phase 10 Depositing Routes
Phase 10 Depositing Routes | Checksum: 222defb4d

Time (s): cpu = 00:00:16 ; elapsed = 00:00:14 . Memory (MB): peak = 2274.266 ; gain = 132.871

Phase 11 Post Process Routing
Phase 11 Post Process Routing | Checksum: 222defb4d

Time (s): cpu = 00:00:16 ; elapsed = 00:00:14 . Memory (MB): peak = 2274.266 ; gain = 132.871

Phase 12 Post Router Timing
INFO: [Route 35-57] Estimated Timing Summary | WNS=-2.651 | TNS=-4.090 | WHS=0.105  | THS=0.000  |

WARNING: [Route 35-328] Router estimated timing not met.
Resolution: For a complete and accurate timing signoff, report_timing_summary must be run after route_design. Alternatively, route_design can be run with the -timing_summary option to enable a complete timing signoff at the end of route_design.
Phase 12 Post Router Timing | Checksum: 222defb4d

Time (s): cpu = 00:00:16 ; elapsed = 00:00:14 . Memory (MB): peak = 2274.266 ; gain = 132.871
Total Elapsed time in route_design: 14.209 secs

Phase 13 Post-Route Event Processing
Phase 13 Post-Route Event Processing | Checksum: e821893d

Time (s): cpu = 00:00:16 ; elapsed = 00:00:14 . Memory (MB): peak = 2274.266 ; gain = 132.871
INFO: [Route 35-16] Router Completed Successfully
Ending Routing Task | Checksum: e821893d

Time (s): cpu = 00:00:16 ; elapsed = 00:00:14 . Memory (MB): peak = 2274.266 ; gain = 132.871

Routing Is Done.
INFO: [Common 17-83] Releasing license: Implementation
121 Infos, 4 Warnings, 1 Critical Warnings and 0 Errors encountered.
route_design completed successfully
route_design: Time (s): cpu = 00:00:17 ; elapsed = 00:00:15 . Memory (MB): peak = 2274.266 ; gain = 144.297
INFO: [Vivado 12-24828] Executing command : report_drc -file UltrasonicSpeaker_drc_routed.rpt -pb UltrasonicSpeaker_drc_routed.pb -rpx UltrasonicSpeaker_drc_routed.rpx
Command: report_drc -file UltrasonicSpeaker_drc_routed.rpt -pb UltrasonicSpeaker_drc_routed.pb -rpx UltrasonicSpeaker_drc_routed.rpx
INFO: [IP_Flow 19-1839] IP Catalog is up to date.
INFO: [DRC 23-27] Running DRC with 2 threads
INFO: [Vivado_Tcl 2-168] The results of DRC are in file C:/Users/semenov/Desktop/speaker_project/ultrasonicSpeaker/ultrasonicSpeaker.runs/impl_1/UltrasonicSpeaker_drc_routed.rpt.
report_drc completed successfully
INFO: [Vivado 12-24828] Executing command : report_methodology -file UltrasonicSpeaker_methodology_drc_routed.rpt -pb UltrasonicSpeaker_methodology_drc_routed.pb -rpx UltrasonicSpeaker_methodology_drc_routed.rpx
Command: report_methodology -file UltrasonicSpeaker_methodology_drc_routed.rpt -pb UltrasonicSpeaker_methodology_drc_routed.pb -rpx UltrasonicSpeaker_methodology_drc_routed.rpx
INFO: [Timing 38-35] Done setting XDC timing constraints.
INFO: [DRC 23-133] Running Methodology with 2 threads
INFO: [Vivado_Tcl 2-1520] The results of Report Methodology are in file C:/Users/semenov/Desktop/speaker_project/ultrasonicSpeaker/ultrasonicSpeaker.runs/impl_1/UltrasonicSpeaker_methodology_drc_routed.rpt.
report_methodology completed successfully
INFO: [Vivado 12-24828] Executing command : report_timing_summary -max_paths 10 -report_unconstrained -file UltrasonicSpeaker_timing_summary_routed.rpt -pb UltrasonicSpeaker_timing_summary_routed.pb -rpx UltrasonicSpeaker_timing_summary_routed.rpx -warn_on_violation 
INFO: [Timing 38-35] Done setting XDC timing constraints.
INFO: [Timing 38-91] UpdateTimingParams: Speed grade: -1, Delay Type: min_max.
INFO: [Timing 38-191] Multithreading enabled for timing update using a maximum of 2 CPUs
CRITICAL WARNING: [Timing 38-282] The design failed to meet the timing requirements. Please see the timing summary report for details on the timing violations.
INFO: [Vivado 12-24838] Running report commands "report_incremental_reuse, report_route_status" in parallel.
Running report generation with 2 threads.
INFO: [Vivado 12-24828] Executing command : report_incremental_reuse -file UltrasonicSpeaker_incremental_reuse_routed.rpt
INFO: [Vivado_Tcl 4-1062] Incremental flow is disabled. No incremental reuse Info to report.
INFO: [Vivado 12-24828] Executing command : report_route_status -file UltrasonicSpeaker_route_status.rpt -pb UltrasonicSpeaker_route_status.pb
INFO: [Vivado 12-24828] Executing command : report_power -file UltrasonicSpeaker_power_routed.rpt -pb UltrasonicSpeaker_power_summary_routed.pb -rpx UltrasonicSpeaker_power_routed.rpx
Command: report_power -file UltrasonicSpeaker_power_routed.rpt -pb UltrasonicSpeaker_power_summary_routed.pb -rpx UltrasonicSpeaker_power_routed.rpx
Running Vector-less Activity Propagation...

Finished Running Vector-less Activity Propagation
138 Infos, 4 Warnings, 2 Critical Warnings and 0 Errors encountered.
report_power completed successfully
INFO: [Vivado 12-24828] Executing command : report_clock_utilization -file UltrasonicSpeaker_clock_utilization_routed.rpt
WARNING: [Device 21-9320] Failed to find the Oracle tile group with name 'HSR_BOUNDARY_TOP'. This is required for Clock regions and Virtual grid.
WARNING: [Device 21-2174] Failed to initialize Virtual grid.
INFO: [Vivado 12-24828] Executing command : report_bus_skew -warn_on_violation -file UltrasonicSpeaker_bus_skew_routed.rpt -pb UltrasonicSpeaker_bus_skew_routed.pb -rpx UltrasonicSpeaker_bus_skew_routed.rpx
INFO: [Timing 38-91] UpdateTimingParams: Speed grade: -1, Delay Type: min_max.
INFO: [Timing 38-191] Multithreading enabled for timing update using a maximum of 2 CPUs
Write ShapeDB Complete: Time (s): cpu = 00:00:00 ; elapsed = 00:00:00.001 . Memory (MB): peak = 2274.266 ; gain = 0.000
INFO: [Timing 38-480] Writing timing data to binary archive.
Wrote PlaceDB: Time (s): cpu = 00:00:00 ; elapsed = 00:00:00.021 . Memory (MB): peak = 2274.266 ; gain = 0.000
Wrote PulsedLatchDB: Time (s): cpu = 00:00:00 ; elapsed = 00:00:00 . Memory (MB): peak = 2274.266 ; gain = 0.000
Writing XDEF routing.
Writing XDEF routing logical nets.
Writing XDEF routing special nets.
Wrote RouteStorage: Time (s): cpu = 00:00:00 ; elapsed = 00:00:00.030 . Memory (MB): peak = 2274.266 ; gain = 0.000
Wrote Netlist Cache: Time (s): cpu = 00:00:00 ; elapsed = 00:00:00 . Memory (MB): peak = 2274.266 ; gain = 0.000
Wrote Device Cache: Time (s): cpu = 00:00:00 ; elapsed = 00:00:00.011 . Memory (MB): peak = 2274.266 ; gain = 0.000
Write Physdb Complete: Time (s): cpu = 00:00:00 ; elapsed = 00:00:00.071 . Memory (MB): peak = 2274.266 ; gain = 0.000
INFO: [Common 17-1381] The checkpoint 'C:/Users/semenov/Desktop/speaker_project/ultrasonicSpeaker/ultrasonicSpeaker.runs/impl_1/UltrasonicSpeaker_routed.dcp' has been generated.
Command: write_bitstream -force UltrasonicSpeaker.bit
Attempting to get a license for feature 'Implementation' and/or device 'xc7z010'
INFO: [Common 17-349] Got license for feature 'Implementation' and/or device 'xc7z010'
Running DRC as a precondition to command write_bitstream
INFO: [IP_Flow 19-1839] IP Catalog is up to date.
INFO: [DRC 23-27] Running DRC with 2 threads
WARNING: [DRC ZPS7-1] PS7 block required: The PS7 cell must be used in this Zynq design in order to enable correct default configuration.
INFO: [Vivado 12-3199] DRC finished with 0 Errors, 1 Warnings
INFO: [Vivado 12-3200] Please refer to the DRC report (report_drc) for more information.
INFO: [Designutils 20-2272] Running write_bitstream with 2 threads.
Loading data files...
Loading site data...
Loading route data...
Processing options...
Creating bitmap...
Creating bitstream...
Writing bitstream ./UltrasonicSpeaker.bit...
INFO: [Vivado 12-1842] Bitgen Completed Successfully.
INFO: [Project 1-1876] WebTalk data collection is mandatory when using a ULT device. To see the specific WebTalk data collected for your design, open the usage_statistics_webtalk.html or usage_statistics_webtalk.xml file in the implementation directory.
INFO: [Common 17-83] Releasing license: Implementation
153 Infos, 7 Warnings, 2 Critical Warnings and 0 Errors encountered.
write_bitstream completed successfully
write_bitstream: Time (s): cpu = 00:00:13 ; elapsed = 00:00:11 . Memory (MB): peak = 2627.457 ; gain = 353.191
INFO: [Common 17-206] Exiting Vivado at Thu Nov 21 11:41:32 2024...
